21:38:46 [ERR][      Workbench]: Console redirection failed.
21:38:46 [INF][      Workbench]: Starting up Workbench
21:38:46 [INF][      Workbench]: Current environment:
	Command line: "C:\Program Files\MySQL\MySQL Workbench 8.0\MySQLWorkbench.exe" 
	CurrentDirectory: C:\Users\Gökalp\AppData\Local\Temp\MSIB6A6.tmp-
	HasShutdownStarted: False
	OSVersion: Microsoft Windows NT 6.2.9200.0
	SystemDirectory: C:\Windows\system32
	TickCount: 1286968546
	UserInteractive: True
	Version: 4.0.30319.42000
	WorkingSet: 44589056
21:38:46 [INF][      Workbench]: Environment variables:
	COMPUTERNAME = GOKALP-LAPTOP
	USERPROFILE = C:\Users\Gökalp
	HOMEPATH = \Users\Gökalp
	LOCALAPPDATA = C:\Users\Gökalp\AppData\Local
	PSModulePath = C:\Program Files\WindowsPowerShell\Modules;C:\Windows\system32\WindowsPowerShell\v1.0\Modules
	PROCESSOR_ARCHITECTURE = AMD64
	Path = C:\gurobi951\win64\bin;C:\Windows\system32;C:\Windows;C:\Windows\System32\Wbem;C:\Windows\System32\WindowsPowerShell\v1.0\;C:\Windows\System32\OpenSSH\;C:\Program Files (x86)\NVIDIA Corporation\PhysX\Common;C:\Program Files\NVIDIA Corporation\NVIDIA NvDLISR;C:\Program Files\Microsoft\Web Platform Installer\;C:\Program Files (x86)\Microsoft ASP.NET\ASP.NET Web Pages\v1.0\;C:\Program Files\Microsoft SQL Server\110\Tools\Binn\;C:\Users\Gökalp\AppData\Local\Microsoft\WindowsApps
	CommonProgramFiles(x86) = C:\Program Files (x86)\Common Files
	ProgramFiles(x86) = C:\Program Files (x86)
	PROCESSOR_LEVEL = 6
	LOGONSERVER = \\GOKALP-LAPTOP
	PATHEXT = .COM;.EXE;.BAT;.CMD;.VBS;.VBE;.JS;.JSE;.WSF;.WSH;.MSC
	HOMEDRIVE = C:
	SystemRoot = C:\Windows
	GUROBI_HOME = C:\gurobi951\win64
	SystemDrive = C:
	DriverData = C:\Windows\System32\Drivers\DriverData
	APPDATA = C:\Users\Gökalp\AppData\Roaming
	PROCESSOR_REVISION = 9e0a
	USERNAME = Gökalp
	CommonProgramW6432 = C:\Program Files\Common Files
	OneDrive = C:\Users\Gökalp\OneDrive
	CommonProgramFiles = C:\Program Files\Common Files
	OS = Windows_NT
	USERDOMAIN_ROAMINGPROFILE = GOKALP-LAPTOP
	PROCESSOR_IDENTIFIER = Intel64 Family 6 Model 158 Stepping 10, GenuineIntel
	ComSpec = C:\Windows\system32\cmd.exe
	ALLUSERSPROFILE = C:\ProgramData
	TEMP = C:\Users\GKALP~1\AppData\Local\Temp
	VS110COMNTOOLS = C:\Program Files (x86)\Microsoft Visual Studio 11.0\Common7\Tools\
	ProgramFiles = C:\Program Files
	NUMBER_OF_PROCESSORS = 8
	TMP = C:\Users\GKALP~1\AppData\Local\Temp
	ProgramData = C:\ProgramData
	ProgramW6432 = C:\Program Files
	windir = C:\Windows
	USERDOMAIN = GOKALP-LAPTOP
	PUBLIC = C:\Users\Public
	__COMPAT_LAYER = DetectorsAppHealth Installer
21:38:46 [INF][      Workbench]: Current version given by meta info is: 8.0.32
21:38:46 [INF][      Workbench]: This is the first start of a new version. Doing some clean up.
21:38:47 [INF][      Workbench]: Setting PATH to: C:\Windows\system32;C:\gurobi951\win64\bin;C:\Windows\system32;C:\Windows;C:\Windows\System32\Wbem;C:\Windows\System32\WindowsPowerShell\v1.0\;C:\Windows\System32\OpenSSH\;C:\Program Files (x86)\NVIDIA Corporation\PhysX\Common;C:\Program Files\NVIDIA Corporation\NVIDIA NvDLISR;C:\Program Files\Microsoft\Web Platform Installer\;C:\Program Files (x86)\Microsoft ASP.NET\ASP.NET Web Pages\v1.0\;C:\Program Files\Microsoft SQL Server\110\Tools\Binn\;C:\Users\Gökalp\AppData\Local\Microsoft\WindowsApps
21:38:47 [INF][ mforms managed]: Initializing mforms wrapper
21:38:47 [INF][   WBContext UI]: Initializing workbench context UI with these values:
	base dir: C:\Program Files\MySQL\MySQL Workbench 8.0
	plugin path: C:\Program Files\MySQL\MySQL Workbench 8.0
	struct path: 
	module path: C:\Program Files\MySQL\MySQL Workbench 8.0/modules
	library path: C:\Program Files\MySQL\MySQL Workbench 8.0
	user data dir: C:\Users\Gökalp\AppData\Roaming\MySQL\Workbench
	open at start: 
	open type: 
	run at startup: 
	run type: 
	Force SW rendering: No
	Force OpenGL: No
	quit when done: No
21:38:47 [INF][      WBContext]: WbContext::init
21:38:50 [INF][            WBA]: Looking for extension modules for WBA...
21:38:50 [INF][            WBA]: 0 extension modules found
21:38:50 [WRN][            grt]: Duplicate plugin name wb.tools.cmdlineClient	There is more than one plugin with the name wb.tools.cmdlineClient (in PyWbUtils and PyWbUtils).
21:38:51 [WRN][            grt]: Duplicate plugin name wb.tools.cmdlineClient	There is more than one plugin with the name wb.tools.cmdlineClient (in PyWbUtils and PyWbUtils).
21:38:51 [INF][      WBContext]: System info:
 	MySQL Workbench Community (GPL) for Windows version 8.0.32 CE build 2612062 (64 bit)
	Configuration Directory: C:\Users\Gökalp\AppData\Roaming\MySQL\Workbench
	Data Directory: C:\Program Files\MySQL\MySQL Workbench 8.0
	Cairo Version: 1.17.6
	OS: Microsoft Windows 10 Home
	CPU: 8x Intel(R) Core(TM) i5-9300H CPU @ 2.40GHz, 7.9 GiB RAM
	Active video adapter Intel(R) UHD Graphics 630
	Installed video RAM: 1024 MB
	Current video mode: 1920 x 1080 x 4294967296 renk
	Used bit depth: 32
	Driver version: 27.20.100.8729
	Installed display drivers: C:\Windows\System32\DriverStore\FileRepository\iigd_dch.inf_amd64_d7403bad0b41f2bd\igdumdim64.dll,C:\Windows\System32\DriverStore\FileRepository\iigd_dch.inf_amd64_d7403bad0b41f2bd\igd10iumd64.dll,C:\Windows\System32\DriverStore\FileRepository\iigd_dch.inf_amd64_d7403bad0b41f2bd\igd10iumd64.dll,C:\Windows\System32\DriverStore\FileRepository\iigd_dch.inf_amd64_d7403bad0b41f2bd\igd12umd64.dll
	Current user language: Türkçe (Türkiye)

21:38:51 [INF][      Workbench]: UI is up
21:38:54 [INF][      Workbench]: Running the application
21:39:13 [ERR][  GRTDispatcher]: exception in grt execute_task, continuing: Exception: Access denied for user 'root'@'localhost' (using password: NO)
21:39:13 [ERR][  GRTDispatcher]: worker: task 'execute sql queries' has failed with error:.Access denied for user 'root'@'localhost' (using password: NO)
21:39:24 [INF][SQL Editor Form]: Opened connection 'Local instance MySQL80' to MySQL Community Server - GPL version 8.0.32
21:39:26 [INF][  column_widths]: Initializing column width cache for Local_instance_MySQL80
21:39:26 [INF][        WQE.net]: Launching SQL IDE
21:39:27 [INF][        WQE.net]: SQL IDE UI is ready
22:39:51 [INF][        WQE.net]: Shutting down SQL editor (Local instance MySQL80)
22:39:51 [INF][      Workbench]: Shutting down Workbench
22:39:51 [INF][ mforms managed]: Shutting down mforms wrapper
22:39:51 [INF][      Workbench]: Done
