17:31:34 [ERR][      Workbench]: Console redirection failed.
17:31:34 [INF][      Workbench]: Starting up Workbench
17:31:34 [INF][      Workbench]: Current environment:
	Command line: "C:\Program Files\MySQL\MySQL Workbench 8.0\MySQLWorkbench.exe" 
	CurrentDirectory: C:\Program Files\MySQL\MySQL Workbench 8.0
	HasShutdownStarted: False
	OSVersion: Microsoft Windows NT 6.2.9200.0
	SystemDirectory: C:\Windows\system32
	TickCount: 778338859
	UserInteractive: True
	Version: 4.0.30319.42000
	WorkingSet: 42434560
17:31:34 [INF][      Workbench]: Environment variables:
	COMPUTERNAME = GOKALP-LAPTOP
	USERPROFILE = C:\Users\Gökalp
	HOMEPATH = \Users\Gökalp
	LOCALAPPDATA = C:\Users\Gökalp\AppData\Local
	PSModulePath = C:\Program Files\WindowsPowerShell\Modules;C:\Windows\system32\WindowsPowerShell\v1.0\Modules
	PROCESSOR_ARCHITECTURE = AMD64
	Path = C:\Program Files (x86)\Rockwell Software\RSCommon;C:\gurobi951\win64\bin;C:\Windows\system32;C:\Windows;C:\Windows\System32\Wbem;C:\Windows\System32\WindowsPowerShell\v1.0\;C:\Windows\System32\OpenSSH\;C:\Program Files (x86)\NVIDIA Corporation\PhysX\Common;C:\Program Files\NVIDIA Corporation\NVIDIA NvDLISR;C:\Program Files\Microsoft\Web Platform Installer\;C:\Program Files (x86)\Microsoft ASP.NET\ASP.NET Web Pages\v1.0\;C:\Program Files\Microsoft SQL Server\110\Tools\Binn\;C:\Users\Gökalp\AppData\Local\Microsoft\WindowsApps
	CommonProgramFiles(x86) = C:\Program Files (x86)\Common Files
	ProgramFiles(x86) = C:\Program Files (x86)
	PROCESSOR_LEVEL = 6
	LOGONSERVER = \\GOKALP-LAPTOP
	PATHEXT = .COM;.EXE;.BAT;.CMD;.VBS;.VBE;.JS;.JSE;.WSF;.WSH;.MSC
	HOMEDRIVE = C:
	SystemRoot = C:\Windows
	SESSIONNAME = Console
	GUROBI_HOME = C:\gurobi951\win64
	SystemDrive = C:
	DriverData = C:\Windows\System32\Drivers\DriverData
	FPS_BROWSER_APP_PROFILE_STRING = Internet Explorer
	APPDATA = C:\Users\Gökalp\AppData\Roaming
	PROCESSOR_REVISION = 9e0a
	USERNAME = Gökalp
	CommonProgramW6432 = C:\Program Files\Common Files
	TEMP = C:\Users\GKALP~1\AppData\Local\Temp
	OneDrive = C:\Users\Gökalp\OneDrive
	CommonProgramFiles = C:\Program Files\Common Files
	OS = Windows_NT
	USERDOMAIN_ROAMINGPROFILE = GOKALP-LAPTOP
	PROCESSOR_IDENTIFIER = Intel64 Family 6 Model 158 Stepping 10, GenuineIntel
	ComSpec = C:\Windows\system32\cmd.exe
	ALLUSERSPROFILE = C:\ProgramData
	FPS_BROWSER_USER_PROFILE_STRING = Default
	VS110COMNTOOLS = C:\Program Files (x86)\Microsoft Visual Studio 11.0\Common7\Tools\
	ProgramFiles = C:\Program Files
	NUMBER_OF_PROCESSORS = 8
	TMP = C:\Users\GKALP~1\AppData\Local\Temp
	ProgramData = C:\ProgramData
	ProgramW6432 = C:\Program Files
	windir = C:\Windows
	USERDOMAIN = GOKALP-LAPTOP
	PUBLIC = C:\Users\Public
17:31:34 [INF][      Workbench]: Current version given by meta info is: 8.0.32
17:31:34 [INF][      Workbench]: Setting PATH to: C:\Windows\system32;C:\Program Files (x86)\Rockwell Software\RSCommon;C:\gurobi951\win64\bin;C:\Windows\system32;C:\Windows;C:\Windows\System32\Wbem;C:\Windows\System32\WindowsPowerShell\v1.0\;C:\Windows\System32\OpenSSH\;C:\Program Files (x86)\NVIDIA Corporation\PhysX\Common;C:\Program Files\NVIDIA Corporation\NVIDIA NvDLISR;C:\Program Files\Microsoft\Web Platform Installer\;C:\Program Files (x86)\Microsoft ASP.NET\ASP.NET Web Pages\v1.0\;C:\Program Files\Microsoft SQL Server\110\Tools\Binn\;C:\Users\Gökalp\AppData\Local\Microsoft\WindowsApps
17:31:34 [INF][ mforms managed]: Initializing mforms wrapper
17:31:35 [INF][   WBContext UI]: Initializing workbench context UI with these values:
	base dir: C:\Program Files\MySQL\MySQL Workbench 8.0
	plugin path: C:\Program Files\MySQL\MySQL Workbench 8.0
	struct path: 
	module path: C:\Program Files\MySQL\MySQL Workbench 8.0/modules
	library path: C:\Program Files\MySQL\MySQL Workbench 8.0
	user data dir: C:\Users\Gökalp\AppData\Roaming\MySQL\Workbench
	open at start: 
	open type: 
	run at startup: 
	run type: 
	Force SW rendering: No
	Force OpenGL: No
	quit when done: No
17:31:35 [INF][      WBContext]: WbContext::init
17:31:38 [INF][            WBA]: Looking for extension modules for WBA...
17:31:38 [INF][            WBA]: 0 extension modules found
17:31:38 [WRN][            grt]: Duplicate plugin name wb.tools.cmdlineClient	There is more than one plugin with the name wb.tools.cmdlineClient (in PyWbUtils and PyWbUtils).
17:31:38 [WRN][            grt]: C:\Users\Gökalp\AppData\Roaming\MySQL\Workbench\connections.xml:17: link '{4BC0B190-1738-4DC0-ACCE-F2795E127EF5}' <object GrtObject> key=owner could not be resolved
17:31:38 [WRN][            grt]: Duplicate plugin name wb.tools.cmdlineClient	There is more than one plugin with the name wb.tools.cmdlineClient (in PyWbUtils and PyWbUtils).
17:31:38 [INF][      WBContext]: System info:
 	MySQL Workbench Community (GPL) for Windows version 8.0.32 CE build 2612062 (64 bit)
	Configuration Directory: C:\Users\Gökalp\AppData\Roaming\MySQL\Workbench
	Data Directory: C:\Program Files\MySQL\MySQL Workbench 8.0
	Cairo Version: 1.17.6
	OS: Microsoft Windows 10 Home
	CPU: 8x Intel(R) Core(TM) i5-9300H CPU @ 2.40GHz, 7.9 GiB RAM
	Active video adapter Intel(R) UHD Graphics 630
	Installed video RAM: 1024 MB
	Current video mode: 1920 x 1080 x 4294967296 renk
	Used bit depth: 32
	Driver version: 27.20.100.8729
	Installed display drivers: C:\Windows\System32\DriverStore\FileRepository\iigd_dch.inf_amd64_d7403bad0b41f2bd\igdumdim64.dll,C:\Windows\System32\DriverStore\FileRepository\iigd_dch.inf_amd64_d7403bad0b41f2bd\igd10iumd64.dll,C:\Windows\System32\DriverStore\FileRepository\iigd_dch.inf_amd64_d7403bad0b41f2bd\igd10iumd64.dll,C:\Windows\System32\DriverStore\FileRepository\iigd_dch.inf_amd64_d7403bad0b41f2bd\igd12umd64.dll
	Current user language: Türkçe (Türkiye)

17:31:38 [INF][      Workbench]: UI is up
17:31:39 [INF][      Workbench]: Running the application
17:31:51 [INF][SQL Editor Form]: Opened connection 'project' to MySQL Community Server - GPL version 8.0.32
17:31:51 [INF][        WQE.net]: Launching SQL IDE
17:31:53 [INF][        WQE.net]: SQL IDE UI is ready
17:32:05 [INF][wb_admin_control.py:query_server_installation_info:860]: Currently connected to MySQL server version '8.0.32', conn status = True, active plugins = ['MyISAM', 'sha2_cache_cleaner', 'INNODB_CMP', 'PERFORMANCE_SCHEMA', 'INNODB_TABLESTATS', 'INNODB_BUFFER_PAGE', 'INNODB_SESSION_TEMP_TABLESPACES', 'MRG_MYISAM', 'INNODB_CACHED_INDEXES', 'INNODB_TEMP_TABLE_INFO', 'INNODB_FT_BEING_DELETED', 'INNODB_CMP_PER_INDEX_RESET', 'MEMORY', 'BLACKHOLE', 'INNODB_FT_CONFIG', 'mysqlx_cache_cleaner', 'mysqlx', 'daemon_keyring_proxy_plugin', 'mysql_native_password', 'TempTable', 'INNODB_TABLES', 'INNODB_CMP_PER_INDEX', 'INNODB_COLUMNS', 'INNODB_CMPMEM', 'InnoDB', 'ngram', 'ARCHIVE', 'INNODB_FT_INDEX_CACHE', 'sha256_password', 'INNODB_BUFFER_POOL_STATS', 'binlog', 'INNODB_METRICS', 'INNODB_TRX', 'INNODB_FT_DELETED', 'INNODB_CMPMEM_RESET', 'INNODB_BUFFER_PAGE_LRU', 'INNODB_INDEXES', 'INNODB_TABLESPACES', 'INNODB_CMP_RESET', 'INNODB_FT_DEFAULT_STOPWORD', 'CSV', 'INNODB_VIRTUAL', 'INNODB_FT_INDEX_TABLE', 'caching_sha2_password']
20:15:22 [INF][        WQE.net]: Shutting down SQL editor (project)
20:15:23 [INF][      Workbench]: Shutting down Workbench
20:15:23 [INF][ mforms managed]: Shutting down mforms wrapper
20:15:23 [INF][      Workbench]: Done
